<?xml version="1.0" encoding="UTF-8"?>
<!-- Generated by org.testng.reporters.JUnitXMLReporter -->
<testsuite hostname="LAPTOP-JVNL5G83" ignored="2" name="Test" tests="10" failures="1" timestamp="25 Jun 2020 10:57:02 GMT" time="291.109" errors="0">
  <testcase name="checkLogoPresence" time="0.138" classname="com.qa.walmart.Tests.LoginPageTest"/>
  <testcase name="checkSearchFunctionality" time="1.607" classname="com.qa.walmart.Tests.LoginPageTest"/>
  <testcase name="clickOnRightBannerArrow" time="0.449" classname="com.qa.walmart.Tests.LoginPageTest"/>
  <testcase name="clickHottestDealsTest" time="1.96" classname="com.qa.walmart.Tests.LoginPageTest"/>
  <testcase name="checkAboutUsWalmartTest" time="2.418" classname="com.qa.walmart.Tests.LoginPageTest"/>
  <testcase name="checkCovidInformationTest" time="29.74" classname="com.qa.walmart.Tests.LoginPageTest"/>
  <testcase name="clickVideoGameTest" time="2.006" classname="com.qa.walmart.Tests.LoginPageTest"/>
  <testcase name="clickLeftBottomBannerTest" time="94.381" classname="com.qa.walmart.Tests.LoginPageTest">
    <failure type="org.openqa.selenium.TimeoutException" message="Expected condition failed: waiting for visibility of [[ChromeDriver: chrome on WINDOWS (0f6f5c11e378acce93237ee2ae71219b)] -&amp;gt; xpath: //img[@alt=&amp;apos;Walmart Rewards MasterCard.&amp;apos;]] (tried for 60 second(s) with 500 MILLISECONDS interval)
Build info: version: &amp;apos;3.6.0&amp;apos;, revision: &amp;apos;6fbf3ec767&amp;apos;, time: &amp;apos;2017-09-27T15:28:36.4Z&amp;apos;
System info: host: &amp;apos;LAPTOP-JVNL5G83&amp;apos;, ip: &amp;apos;192.168.56.1&amp;apos;, os.name: &amp;apos;Windows 10&amp;apos;, os.arch: &amp;apos;amd64&amp;apos;, os.version: &amp;apos;10.0&amp;apos;, java.version: &amp;apos;1.8.0_151&amp;apos;
Driver info: org.openqa.selenium.support.events.EventFiringWebDriver
Capabilities [{networkConnectionEnabled=false, chrome={chromedriverVersion=83.0.4103.39 (ccbf011cb2d2b19b506d844400483861342c20cd-refs/branch-heads/4103@{#416}), userDataDir=C:\WINDOWS\TEMP\scoped_dir15656_1680973716}, timeouts={implicit=0, pageLoad=300000, script=30000}, pageLoadStrategy=normal, unhandledPromptBehavior=dismiss and notify, strictFileInteractability=false, platform=WINDOWS, proxy=Proxy(), goog:chromeOptions={debuggerAddress=localhost:64227}, acceptInsecureCerts=false, browserVersion=83.0.4103.116, browserName=chrome, javascriptEnabled=true, platformName=WINDOWS, setWindowRect=true, webauthn:virtualAuthenticators=true}]
Session ID: 0f6f5c11e378acce93237ee2ae71219b">
      <![CDATA[org.openqa.selenium.TimeoutException: Expected condition failed: waiting for visibility of [[ChromeDriver: chrome on WINDOWS (0f6f5c11e378acce93237ee2ae71219b)] -> xpath: //img[@alt='Walmart Rewards MasterCard.']] (tried for 60 second(s) with 500 MILLISECONDS interval)
Build info: version: '3.6.0', revision: '6fbf3ec767', time: '2017-09-27T15:28:36.4Z'
System info: host: 'LAPTOP-JVNL5G83', ip: '192.168.56.1', os.name: 'Windows 10', os.arch: 'amd64', os.version: '10.0', java.version: '1.8.0_151'
Driver info: org.openqa.selenium.support.events.EventFiringWebDriver
Capabilities [{networkConnectionEnabled=false, chrome={chromedriverVersion=83.0.4103.39 (ccbf011cb2d2b19b506d844400483861342c20cd-refs/branch-heads/4103@{#416}), userDataDir=C:\WINDOWS\TEMP\scoped_dir15656_1680973716}, timeouts={implicit=0, pageLoad=300000, script=30000}, pageLoadStrategy=normal, unhandledPromptBehavior=dismiss and notify, strictFileInteractability=false, platform=WINDOWS, proxy=Proxy(), goog:chromeOptions={debuggerAddress=localhost:64227}, acceptInsecureCerts=false, browserVersion=83.0.4103.116, browserName=chrome, javascriptEnabled=true, platformName=WINDOWS, setWindowRect=true, webauthn:virtualAuthenticators=true}]
Session ID: 0f6f5c11e378acce93237ee2ae71219b
	at org.openqa.selenium.support.ui.WebDriverWait.timeoutException(WebDriverWait.java:82)
	at org.openqa.selenium.support.ui.FluentWait.until(FluentWait.java:231)
	at com.walmart.qa.webPages.LoginPage.clickLeftBottomBanner(LoginPage.java:197)
	at com.qa.walmart.Tests.LoginPageTest.clickLeftBottomBannerTest(LoginPageTest.java:97)
... Removed 29 stack frames]]>
    </failure>
  </testcase> <!-- clickLeftBottomBannerTest -->
  <testcase name="clickbannerWalmartMarketPlaceTest" time="2.368" classname="com.qa.walmart.Tests.LoginPageTest"/>
  <testcase name="clickOnInstagramSocialLinkTest" time="6.631" classname="com.qa.walmart.Tests.LoginPageTest"/>
  <testcase name="SignInTest" time="0.0" classname="com.qa.walmart.Tests.LoginPageTest">
    <ignored/>
  </testcase> <!-- SignInTest -->
  <testcase name="bannerMovementDetectionTest" time="0.0" classname="com.qa.walmart.Tests.LoginPageTest">
    <ignored/>
  </testcase> <!-- bannerMovementDetectionTest -->
</testsuite> <!-- Test -->
