<html>
<head>
<title>TestNG:  Test</title>
<link href="../testng.css" rel="stylesheet" type="text/css" />
<link href="../my-testng.css" rel="stylesheet" type="text/css" />

<style type="text/css">
.log { display: none;} 
.stack-trace { display: none;} 
</style>
<script type="text/javascript">
<!--
function flip(e) {
  current = e.style.display;
  if (current == 'block') {
    e.style.display = 'none';
    return 0;
  }
  else {
    e.style.display = 'block';
    return 1;
  }
}

function toggleBox(szDivId, elem, msg1, msg2)
{
  var res = -1;  if (document.getElementById) {
    res = flip(document.getElementById(szDivId));
  }
  else if (document.all) {
    // this is the way old msie versions work
    res = flip(document.all[szDivId]);
  }
  if(elem) {
    if(res == 0) elem.innerHTML = msg1; else elem.innerHTML = msg2;
  }

}

function toggleAllBoxes() {
  if (document.getElementsByTagName) {
    d = document.getElementsByTagName('div');
    for (i = 0; i < d.length; i++) {
      if (d[i].className == 'log') {
        flip(d[i]);
      }
    }
  }
}

// -->
</script>

</head>
<body>
<h2 align='center'>Test</h2><table border='1' align="center">
<tr>
<td>Tests passed/Failed/Skipped:</td><td>9/1/0</td>
</tr><tr>
<td>Started on:</td><td>Thu Jun 25 06:52:11 EDT 2020</td>
</tr>
<tr><td>Total time:</td><td>291 seconds (291109 ms)</td>
</tr><tr>
<td>Included groups:</td><td></td>
</tr><tr>
<td>Excluded groups:</td><td></td>
</tr>
</table><p/>
<small><i>(Hover the method name to see the test class name)</i></small><p/>
<table width='100%' border='1' class='invocation-failed'>
<tr><td colspan='4' align='center'><b>FAILED TESTS</b></td></tr>
<tr><td><b>Test method</b></td>
<td width="30%"><b>Exception</b></td>
<td width="10%"><b>Time (seconds)</b></td>
<td><b>Instance</b></td>
</tr>
<tr>
<td title='com.qa.walmart.Tests.LoginPageTest.clickLeftBottomBannerTest()'><b>clickLeftBottomBannerTest</b><br>Test class: com.qa.walmart.Tests.LoginPageTest</td>
<td><div><pre>org.openqa.selenium.TimeoutException: Expected condition failed: waiting for visibility of [[ChromeDriver: chrome on WINDOWS (0f6f5c11e378acce93237ee2ae71219b)] -&gt; xpath: //img[@alt=&apos;Walmart Rewards MasterCard.&apos;]] (tried for 60 second(s) with 500 MILLISECONDS interval)
Build info: version: &apos;3.6.0&apos;, revision: &apos;6fbf3ec767&apos;, time: &apos;2017-09-27T15:28:36.4Z&apos;
System info: host: &apos;LAPTOP-JVNL5G83&apos;, ip: &apos;192.168.56.1&apos;, os.name: &apos;Windows 10&apos;, os.arch: &apos;amd64&apos;, os.version: &apos;10.0&apos;, java.version: &apos;1.8.0_151&apos;
Driver info: org.openqa.selenium.support.events.EventFiringWebDriver
Capabilities [{networkConnectionEnabled=false, chrome={chromedriverVersion=83.0.4103.39 (ccbf011cb2d2b19b506d844400483861342c20cd-refs/branch-heads/4103@{#416}), userDataDir=C:\WINDOWS\TEMP\scoped_dir15656_1680973716}, timeouts={implicit=0, pageLoad=300000, script=30000}, pageLoadStrategy=normal, unhandledPromptBehavior=dismiss and notify, strictFileInteractability=false, platform=WINDOWS, proxy=Proxy(), goog:chromeOptions={debuggerAddress=localhost:64227}, acceptInsecureCerts=false, browserVersion=83.0.4103.116, browserName=chrome, javascriptEnabled=true, platformName=WINDOWS, setWindowRect=true, webauthn:virtualAuthenticators=true}]
Session ID: 0f6f5c11e378acce93237ee2ae71219b
	at org.openqa.selenium.support.ui.WebDriverWait.timeoutException(WebDriverWait.java:82)
	at org.openqa.selenium.support.ui.FluentWait.until(FluentWait.java:231)
	at com.walmart.qa.webPages.LoginPage.clickLeftBottomBanner(LoginPage.java:197)
	at com.qa.walmart.Tests.LoginPageTest.clickLeftBottomBannerTest(LoginPageTest.java:97)
... Removed 29 stack frames</pre></div><a href='#' onClick='toggleBox("stack-trace504336483", this, "Click to show all stack frames", "Click to hide stack frames")'>Click to show all stack frames</a>
<div class='stack-trace' id='stack-trace504336483'><pre>org.openqa.selenium.TimeoutException: Expected condition failed: waiting for visibility of [[ChromeDriver: chrome on WINDOWS (0f6f5c11e378acce93237ee2ae71219b)] -&gt; xpath: //img[@alt=&apos;Walmart Rewards MasterCard.&apos;]] (tried for 60 second(s) with 500 MILLISECONDS interval)
Build info: version: &apos;3.6.0&apos;, revision: &apos;6fbf3ec767&apos;, time: &apos;2017-09-27T15:28:36.4Z&apos;
System info: host: &apos;LAPTOP-JVNL5G83&apos;, ip: &apos;192.168.56.1&apos;, os.name: &apos;Windows 10&apos;, os.arch: &apos;amd64&apos;, os.version: &apos;10.0&apos;, java.version: &apos;1.8.0_151&apos;
Driver info: org.openqa.selenium.support.events.EventFiringWebDriver
Capabilities [{networkConnectionEnabled=false, chrome={chromedriverVersion=83.0.4103.39 (ccbf011cb2d2b19b506d844400483861342c20cd-refs/branch-heads/4103@{#416}), userDataDir=C:\WINDOWS\TEMP\scoped_dir15656_1680973716}, timeouts={implicit=0, pageLoad=300000, script=30000}, pageLoadStrategy=normal, unhandledPromptBehavior=dismiss and notify, strictFileInteractability=false, platform=WINDOWS, proxy=Proxy(), goog:chromeOptions={debuggerAddress=localhost:64227}, acceptInsecureCerts=false, browserVersion=83.0.4103.116, browserName=chrome, javascriptEnabled=true, platformName=WINDOWS, setWindowRect=true, webauthn:virtualAuthenticators=true}]
Session ID: 0f6f5c11e378acce93237ee2ae71219b
	at org.openqa.selenium.support.ui.WebDriverWait.timeoutException(WebDriverWait.java:82)
	at org.openqa.selenium.support.ui.FluentWait.until(FluentWait.java:231)
	at com.walmart.qa.webPages.LoginPage.clickLeftBottomBanner(LoginPage.java:197)
	at com.qa.walmart.Tests.LoginPageTest.clickLeftBottomBannerTest(LoginPageTest.java:97)
	at sun.reflect.NativeMethodAccessorImpl.invoke0(Native Method)
	at sun.reflect.NativeMethodAccessorImpl.invoke(NativeMethodAccessorImpl.java:62)
	at sun.reflect.DelegatingMethodAccessorImpl.invoke(DelegatingMethodAccessorImpl.java:43)
	at java.lang.reflect.Method.invoke(Method.java:498)
	at org.testng.internal.MethodInvocationHelper.invokeMethod(MethodInvocationHelper.java:108)
	at org.testng.internal.Invoker.invokeMethod(Invoker.java:661)
	at org.testng.internal.Invoker.invokeTestMethod(Invoker.java:869)
	at org.testng.internal.Invoker.invokeTestMethods(Invoker.java:1193)
	at org.testng.internal.TestMethodWorker.invokeTestMethods(TestMethodWorker.java:126)
	at org.testng.internal.TestMethodWorker.run(TestMethodWorker.java:109)
	at org.testng.TestRunner.privateRun(TestRunner.java:744)
	at org.testng.TestRunner.run(TestRunner.java:602)
	at org.testng.SuiteRunner.runTest(SuiteRunner.java:380)
	at org.testng.SuiteRunner.runSequentially(SuiteRunner.java:375)
	at org.testng.SuiteRunner.privateRun(SuiteRunner.java:340)
	at org.testng.SuiteRunner.run(SuiteRunner.java:289)
	at org.testng.SuiteRunnerWorker.runSuite(SuiteRunnerWorker.java:52)
	at org.testng.SuiteRunnerWorker.run(SuiteRunnerWorker.java:86)
	at org.testng.TestNG.runSuitesSequentially(TestNG.java:1301)
	at org.testng.TestNG.runSuitesLocally(TestNG.java:1226)
	at org.testng.TestNG.runSuites(TestNG.java:1144)
	at org.testng.TestNG.run(TestNG.java:1115)
	at org.apache.maven.surefire.testng.TestNGExecutor.run(TestNGExecutor.java:284)
	at org.apache.maven.surefire.testng.TestNGXmlTestSuite.execute(TestNGXmlTestSuite.java:75)
	at org.apache.maven.surefire.testng.TestNGProvider.invoke(TestNGProvider.java:119)
	at org.apache.maven.surefire.booter.ForkedBooter.runSuitesInProcess(ForkedBooter.java:428)
	at org.apache.maven.surefire.booter.ForkedBooter.execute(ForkedBooter.java:162)
	at org.apache.maven.surefire.booter.ForkedBooter.run(ForkedBooter.java:562)
	at org.apache.maven.surefire.booter.ForkedBooter.main(ForkedBooter.java:548)
</pre></div></td>
<td>94</td>
<td>com.qa.walmart.Tests.LoginPageTest@35fc6dc4</td></tr>
</table><p>
<table width='100%' border='1' class='invocation-passed'>
<tr><td colspan='4' align='center'><b>PASSED TESTS</b></td></tr>
<tr><td><b>Test method</b></td>
<td width="30%"><b>Exception</b></td>
<td width="10%"><b>Time (seconds)</b></td>
<td><b>Instance</b></td>
</tr>
<tr>
<td title='com.qa.walmart.Tests.LoginPageTest.checkAboutUsWalmartTest()'><b>checkAboutUsWalmartTest</b><br>Test class: com.qa.walmart.Tests.LoginPageTest</td>
<td></td>
<td>2</td>
<td>com.qa.walmart.Tests.LoginPageTest@35fc6dc4</td></tr>
<tr>
<td title='com.qa.walmart.Tests.LoginPageTest.checkCovidInformationTest()'><b>checkCovidInformationTest</b><br>Test class: com.qa.walmart.Tests.LoginPageTest</td>
<td></td>
<td>29</td>
<td>com.qa.walmart.Tests.LoginPageTest@35fc6dc4</td></tr>
<tr>
<td title='com.qa.walmart.Tests.LoginPageTest.checkLogoPresence()'><b>checkLogoPresence</b><br>Test class: com.qa.walmart.Tests.LoginPageTest</td>
<td></td>
<td>0</td>
<td>com.qa.walmart.Tests.LoginPageTest@35fc6dc4</td></tr>
<tr>
<td title='com.qa.walmart.Tests.LoginPageTest.checkSearchFunctionality()'><b>checkSearchFunctionality</b><br>Test class: com.qa.walmart.Tests.LoginPageTest</td>
<td></td>
<td>1</td>
<td>com.qa.walmart.Tests.LoginPageTest@35fc6dc4</td></tr>
<tr>
<td title='com.qa.walmart.Tests.LoginPageTest.clickHottestDealsTest()'><b>clickHottestDealsTest</b><br>Test class: com.qa.walmart.Tests.LoginPageTest</td>
<td></td>
<td>1</td>
<td>com.qa.walmart.Tests.LoginPageTest@35fc6dc4</td></tr>
<tr>
<td title='com.qa.walmart.Tests.LoginPageTest.clickOnInstagramSocialLinkTest()'><b>clickOnInstagramSocialLinkTest</b><br>Test class: com.qa.walmart.Tests.LoginPageTest</td>
<td></td>
<td>6</td>
<td>com.qa.walmart.Tests.LoginPageTest@35fc6dc4</td></tr>
<tr>
<td title='com.qa.walmart.Tests.LoginPageTest.clickOnRightBannerArrow()'><b>clickOnRightBannerArrow</b><br>Test class: com.qa.walmart.Tests.LoginPageTest</td>
<td></td>
<td>0</td>
<td>com.qa.walmart.Tests.LoginPageTest@35fc6dc4</td></tr>
<tr>
<td title='com.qa.walmart.Tests.LoginPageTest.clickVideoGameTest()'><b>clickVideoGameTest</b><br>Test class: com.qa.walmart.Tests.LoginPageTest</td>
<td></td>
<td>2</td>
<td>com.qa.walmart.Tests.LoginPageTest@35fc6dc4</td></tr>
<tr>
<td title='com.qa.walmart.Tests.LoginPageTest.clickbannerWalmartMarketPlaceTest()'><b>clickbannerWalmartMarketPlaceTest</b><br>Test class: com.qa.walmart.Tests.LoginPageTest</td>
<td></td>
<td>2</td>
<td>com.qa.walmart.Tests.LoginPageTest@35fc6dc4</td></tr>
</table><p>
</body>
</html>