<?xml version="1.0" encoding="UTF-8"?>
<!-- Generated by org.testng.reporters.JUnitReportReporter -->
<testsuite skipped="2" hostname="LAPTOP-JVNL5G83" name="com.qa.walmart.Tests.LoginPageTest" tests="12" failures="0" timestamp="25 Jun 2020 10:57:02 GMT" time="281.610" errors="1">
  <testcase name="checkLogoPresence" time="13.038" classname="com.qa.walmart.Tests.LoginPageTest"/>
  <testcase name="checkSearchFunctionality" time="13.055" classname="com.qa.walmart.Tests.LoginPageTest"/>
  <testcase name="clickOnRightBannerArrow" time="11.260" classname="com.qa.walmart.Tests.LoginPageTest"/>
  <testcase name="clickHottestDealsTest" time="11.482" classname="com.qa.walmart.Tests.LoginPageTest"/>
  <testcase name="checkAboutUsWalmartTest" time="13.237" classname="com.qa.walmart.Tests.LoginPageTest"/>
  <testcase name="checkCovidInformationTest" time="50.147" classname="com.qa.walmart.Tests.LoginPageTest"/>
  <testcase name="clickVideoGameTest" time="24.277" classname="com.qa.walmart.Tests.LoginPageTest"/>
  <testcase name="clickLeftBottomBannerTest" time="104.866" classname="com.qa.walmart.Tests.LoginPageTest">
    <error type="org.openqa.selenium.TimeoutException" message="Expected condition failed: waiting for visibility of [[ChromeDriver: chrome on WINDOWS (0f6f5c11e378acce93237ee2ae71219b)] -&gt; xpath: //img[@alt=&#039;Walmart Rewards MasterCard.&#039;]] (tried for 60 second(s) with 500 MILLISECONDS interval)
Build info: version: &#039;3.6.0&#039;, revision: &#039;6fbf3ec767&#039;, time: &#039;2017-09-27T15:28:36.4Z&#039;
System info: host: &#039;LAPTOP-JVNL5G83&#039;, ip: &#039;192.168.56.1&#039;, os.name: &#039;Windows 10&#039;, os.arch: &#039;amd64&#039;, os.version: &#039;10.0&#039;, java.version: &#039;1.8.0_151&#039;
Driver info: org.openqa.selenium.support.events.EventFiringWebDriver
Capabilities [{networkConnectionEnabled=false, chrome={chromedriverVersion=83.0.4103.39 (ccbf011cb2d2b19b506d844400483861342c20cd-refs/branch-heads/4103@{#416}), userDataDir=C:\WINDOWS\TEMP\scoped_dir15656_1680973716}, timeouts={implicit=0, pageLoad=300000, script=30000}, pageLoadStrategy=normal, unhandledPromptBehavior=dismiss and notify, strictFileInteractability=false, platform=WINDOWS, proxy=Proxy(), goog:chromeOptions={debuggerAddress=localhost:64227}, acceptInsecureCerts=false, browserVersion=83.0.4103.116, browserName=chrome, javascriptEnabled=true, platformName=WINDOWS, setWindowRect=true, webauthn:virtualAuthenticators=true}]
Session ID: 0f6f5c11e378acce93237ee2ae71219b">
      <![CDATA[org.openqa.selenium.TimeoutException: Expected condition failed: waiting for visibility of [[ChromeDriver: chrome on WINDOWS (0f6f5c11e378acce93237ee2ae71219b)] -> xpath: //img[@alt='Walmart Rewards MasterCard.']] (tried for 60 second(s) with 500 MILLISECONDS interval)
Build info: version: '3.6.0', revision: '6fbf3ec767', time: '2017-09-27T15:28:36.4Z'
System info: host: 'LAPTOP-JVNL5G83', ip: '192.168.56.1', os.name: 'Windows 10', os.arch: 'amd64', os.version: '10.0', java.version: '1.8.0_151'
Driver info: org.openqa.selenium.support.events.EventFiringWebDriver
Capabilities [{networkConnectionEnabled=false, chrome={chromedriverVersion=83.0.4103.39 (ccbf011cb2d2b19b506d844400483861342c20cd-refs/branch-heads/4103@{#416}), userDataDir=C:\WINDOWS\TEMP\scoped_dir15656_1680973716}, timeouts={implicit=0, pageLoad=300000, script=30000}, pageLoadStrategy=normal, unhandledPromptBehavior=dismiss and notify, strictFileInteractability=false, platform=WINDOWS, proxy=Proxy(), goog:chromeOptions={debuggerAddress=localhost:64227}, acceptInsecureCerts=false, browserVersion=83.0.4103.116, browserName=chrome, javascriptEnabled=true, platformName=WINDOWS, setWindowRect=true, webauthn:virtualAuthenticators=true}]
Session ID: 0f6f5c11e378acce93237ee2ae71219b
	at org.openqa.selenium.support.ui.WebDriverWait.timeoutException(WebDriverWait.java:82)
	at org.openqa.selenium.support.ui.FluentWait.until(FluentWait.java:231)
	at com.walmart.qa.webPages.LoginPage.clickLeftBottomBanner(LoginPage.java:197)
	at com.qa.walmart.Tests.LoginPageTest.clickLeftBottomBannerTest(LoginPageTest.java:97)
	at sun.reflect.NativeMethodAccessorImpl.invoke0(Native Method)
	at sun.reflect.NativeMethodAccessorImpl.invoke(NativeMethodAccessorImpl.java:62)
	at sun.reflect.DelegatingMethodAccessorImpl.invoke(DelegatingMethodAccessorImpl.java:43)
	at java.lang.reflect.Method.invoke(Method.java:498)
	at org.testng.internal.MethodInvocationHelper.invokeMethod(MethodInvocationHelper.java:108)
	at org.testng.internal.Invoker.invokeMethod(Invoker.java:661)
	at org.testng.internal.Invoker.invokeTestMethod(Invoker.java:869)
	at org.testng.internal.Invoker.invokeTestMethods(Invoker.java:1193)
	at org.testng.internal.TestMethodWorker.invokeTestMethods(TestMethodWorker.java:126)
	at org.testng.internal.TestMethodWorker.run(TestMethodWorker.java:109)
	at org.testng.TestRunner.privateRun(TestRunner.java:744)
	at org.testng.TestRunner.run(TestRunner.java:602)
	at org.testng.SuiteRunner.runTest(SuiteRunner.java:380)
	at org.testng.SuiteRunner.runSequentially(SuiteRunner.java:375)
	at org.testng.SuiteRunner.privateRun(SuiteRunner.java:340)
	at org.testng.SuiteRunner.run(SuiteRunner.java:289)
	at org.testng.SuiteRunnerWorker.runSuite(SuiteRunnerWorker.java:52)
	at org.testng.SuiteRunnerWorker.run(SuiteRunnerWorker.java:86)
	at org.testng.TestNG.runSuitesSequentially(TestNG.java:1301)
	at org.testng.TestNG.runSuitesLocally(TestNG.java:1226)
	at org.testng.TestNG.runSuites(TestNG.java:1144)
	at org.testng.TestNG.run(TestNG.java:1115)
	at org.apache.maven.surefire.testng.TestNGExecutor.run(TestNGExecutor.java:284)
	at org.apache.maven.surefire.testng.TestNGXmlTestSuite.execute(TestNGXmlTestSuite.java:75)
	at org.apache.maven.surefire.testng.TestNGProvider.invoke(TestNGProvider.java:119)
	at org.apache.maven.surefire.booter.ForkedBooter.runSuitesInProcess(ForkedBooter.java:428)
	at org.apache.maven.surefire.booter.ForkedBooter.execute(ForkedBooter.java:162)
	at org.apache.maven.surefire.booter.ForkedBooter.run(ForkedBooter.java:562)
	at org.apache.maven.surefire.booter.ForkedBooter.main(ForkedBooter.java:548)
]]>
    </error>
  </testcase> <!-- clickLeftBottomBannerTest -->
  <testcase name="clickbannerWalmartMarketPlaceTest" time="12.104" classname="com.qa.walmart.Tests.LoginPageTest"/>
  <testcase name="clickOnInstagramSocialLinkTest" time="28.144" classname="com.qa.walmart.Tests.LoginPageTest"/>
  <testcase name="SignInTest" classname="com.qa.walmart.Tests.LoginPageTest">
    <skipped/>
  </testcase> <!-- SignInTest -->
  <testcase name="bannerMovementDetectionTest" classname="com.qa.walmart.Tests.LoginPageTest">
    <skipped/>
  </testcase> <!-- bannerMovementDetectionTest -->
</testsuite> <!-- com.qa.walmart.Tests.LoginPageTest -->
